[0.036s][warning][cds] Archived non-system classes are disabled because the java.system.class.loader property is specified (value = "com.intellij.util.lang.PathClassLoader"). To use archived non-system classes, this property must not be set

**Start Failed**

Internal error

kotlinx.coroutines.JobCancellationException: Parent job is Cancelling; job=UndispatchedCoroutine{Cancelling}@4d202998
Caused by: java.lang.UnsatisfiedLinkError: /home/kgoe/.local/share/JetBrains/Toolbox/apps/rustrover/jbr/lib/libawt_xawt.so: libXext.so.6: cannot open shared object file: No such file or directory
	at java.base/jdk.internal.loader.NativeLibraries.load(Native Method)
	at java.base/jdk.internal.loader.NativeLibraries$NativeLibraryImpl.open(NativeLibraries.java:331)
	at java.base/jdk.internal.loader.NativeLibraries.loadLibrary(NativeLibraries.java:197)
	at java.base/jdk.internal.loader.NativeLibraries.loadLibrary(NativeLibraries.java:139)
	at java.base/java.lang.ClassLoader.loadLibrary(ClassLoader.java:2418)
	at java.base/java.lang.Runtime.load0(Runtime.java:852)
	at java.base/java.lang.System.load(System.java:2025)
	at java.base/jdk.internal.loader.NativeLibraries.load(Native Method)
	at java.base/jdk.internal.loader.NativeLibraries$NativeLibraryImpl.open(NativeLibraries.java:331)
	at java.base/jdk.internal.loader.NativeLibraries.loadLibrary(NativeLibraries.java:197)
	at java.base/jdk.internal.loader.NativeLibraries.loadLibrary(NativeLibraries.java:139)
	at java.base/jdk.internal.loader.NativeLibraries.findFromPaths(NativeLibraries.java:259)
	at java.base/jdk.internal.loader.NativeLibraries.loadLibrary(NativeLibraries.java:249)
	at java.base/java.lang.ClassLoader.loadLibrary(ClassLoader.java:2427)
	at java.base/java.lang.Runtime.loadLibrary0(Runtime.java:916)
	at java.base/java.lang.System.loadLibrary(System.java:2063)
	at java.desktop/java.awt.Toolkit$2.run(Toolkit.java:1384)
	at java.desktop/java.awt.Toolkit$2.run(Toolkit.java:1382)
	at java.base/java.security.AccessController.doPrivileged(AccessController.java:319)
	at java.desktop/java.awt.Toolkit.loadLibraries(Toolkit.java:1381)
	at java.desktop/java.awt.Toolkit.initStatic(Toolkit.java:1424)
	at java.desktop/java.awt.Toolkit.<clinit>(Toolkit.java:1393)
	at com.intellij.platform.ide.bootstrap.UiKt$initAwtToolkit$2.invokeSuspend(ui.kt:138)
	at com.intellij.platform.ide.bootstrap.UiKt$initAwtToolkit$2.invoke(ui.kt)
	at com.intellij.platform.ide.bootstrap.UiKt$initAwtToolkit$2.invoke(ui.kt)
	at kotlinx.coroutines.intrinsics.UndispatchedKt.startUndispatchedOrReturn(Undispatched.kt:62)
	at kotlinx.coroutines.BuildersKt__Builders_commonKt.withContext(Builders.common.kt:163)
	at kotlinx.coroutines.BuildersKt.withContext(Unknown Source)
	at com.intellij.platform.diagnostic.telemetry.impl.TracerKt.span(tracer.kt:56)
	at com.intellij.platform.diagnostic.telemetry.impl.TracerKt.span$default(tracer.kt:48)
	at com.intellij.platform.ide.bootstrap.UiKt.initAwtToolkit(ui.kt:137)
	at com.intellij.platform.ide.bootstrap.UiKt.access$initAwtToolkit(ui.kt:1)
	at com.intellij.platform.ide.bootstrap.UiKt$scheduleInitAwtToolkit$task$1$1.invokeSuspend(ui.kt:120)
	at kotlin.coroutines.jvm.internal.BaseContinuationImpl.resumeWith(ContinuationImpl.kt:33)
	at kotlinx.coroutines.DispatchedTask.run(DispatchedTask.kt:104)
	at kotlinx.coroutines.scheduling.CoroutineScheduler.runSafely(CoroutineScheduler.kt:608)
	at kotlinx.coroutines.scheduling.CoroutineScheduler$Worker.executeTask(CoroutineScheduler.kt:873)
	at kotlinx.coroutines.scheduling.CoroutineScheduler$Worker.runWorker(CoroutineScheduler.kt:763)
	at kotlinx.coroutines.scheduling.CoroutineScheduler$Worker.run(CoroutineScheduler.kt:750)

-----
JRE: 21.0.5+8-b631.28 amd64 (JetBrains s.r.o.)
/home/kgoe/.local/share/JetBrains/Toolbox/apps/rustrover/jbr

-----
Also, a UI exception occurred in an attempt to show the above message:
java.lang.NoClassDefFoundError: Could not initialize class java.awt.Toolkit
	at java.desktop/java.awt.Component.<clinit>(Component.java:639)
	at com.intellij.platform.ide.bootstrap.StartupErrorReporter.showError(StartupErrorReporter.java:128)
	at com.intellij.platform.ide.bootstrap.StartupErrorReporter.showError(StartupErrorReporter.java:89)
	at com.intellij.platform.ide.bootstrap.StartupUtil.lockSystemDirs(startup.kt:510)
	at com.intellij.platform.ide.bootstrap.StartupUtil.access$lockSystemDirs(startup.kt:1)
	at com.intellij.platform.ide.bootstrap.StartupUtil$lockSystemDirs$1.invokeSuspend(startup.kt)
	at kotlin.coroutines.jvm.internal.BaseContinuationImpl.resumeWith(ContinuationImpl.kt:33)
	at kotlinx.coroutines.DispatchedTask.run(DispatchedTask.kt:102)
	at kotlinx.coroutines.scheduling.CoroutineScheduler.runSafely(CoroutineScheduler.kt:608)
	at kotlinx.coroutines.scheduling.CoroutineScheduler$Worker.executeTask(CoroutineScheduler.kt:873)
	at kotlinx.coroutines.scheduling.CoroutineScheduler$Worker.runWorker(CoroutineScheduler.kt:763)
	at kotlinx.coroutines.scheduling.CoroutineScheduler$Worker.run(CoroutineScheduler.kt:750)
Caused by: java.lang.ExceptionInInitializerError: Exception java.lang.UnsatisfiedLinkError: /home/kgoe/.local/share/JetBrains/Toolbox/apps/rustrover/jbr/lib/libawt_xawt.so: libXext.so.6: cannot open shared object file: No such file or directory [in thread "DefaultDispatcher-worker-7"]
	at java.base/jdk.internal.loader.NativeLibraries.load(Native Method)
	at java.base/jdk.internal.loader.NativeLibraries$NativeLibraryImpl.open(NativeLibraries.java:331)
	at java.base/jdk.internal.loader.NativeLibraries.loadLibrary(NativeLibraries.java:197)
	at java.base/jdk.internal.loader.NativeLibraries.loadLibrary(NativeLibraries.java:139)
	at java.base/java.lang.ClassLoader.loadLibrary(ClassLoader.java:2418)
	at java.base/java.lang.Runtime.load0(Runtime.java:852)
	at java.base/java.lang.System.load(System.java:2025)
	at java.base/jdk.internal.loader.NativeLibraries.load(Native Method)
	at java.base/jdk.internal.loader.NativeLibraries$NativeLibraryImpl.open(NativeLibraries.java:331)
	at java.base/jdk.internal.loader.NativeLibraries.loadLibrary(NativeLibraries.java:197)
	at java.base/jdk.internal.loader.NativeLibraries.loadLibrary(NativeLibraries.java:139)
	at java.base/jdk.internal.loader.NativeLibraries.findFromPaths(NativeLibraries.java:259)
	at java.base/jdk.internal.loader.NativeLibraries.loadLibrary(NativeLibraries.java:249)
	at java.base/java.lang.ClassLoader.loadLibrary(ClassLoader.java:2427)
	at java.base/java.lang.Runtime.loadLibrary0(Runtime.java:916)
	at java.base/java.lang.System.loadLibrary(System.java:2063)
	at java.desktop/java.awt.Toolkit$2.run(Toolkit.java:1384)
	at java.desktop/java.awt.Toolkit$2.run(Toolkit.java:1382)
	at java.base/java.security.AccessController.doPrivileged(AccessController.java:319)
	at java.desktop/java.awt.Toolkit.loadLibraries(Toolkit.java:1381)
	at java.desktop/java.awt.Toolkit.initStatic(Toolkit.java:1424)
	at java.desktop/java.awt.Toolkit.<clinit>(Toolkit.java:1393)
	at com.intellij.platform.ide.bootstrap.UiKt$initAwtToolkit$2.invokeSuspend(ui.kt:138)
	at com.intellij.platform.ide.bootstrap.UiKt$initAwtToolkit$2.invoke(ui.kt)
	at com.intellij.platform.ide.bootstrap.UiKt$initAwtToolkit$2.invoke(ui.kt)
	at kotlinx.coroutines.intrinsics.UndispatchedKt.startUndispatchedOrReturn(Undispatched.kt:62)
	at kotlinx.coroutines.BuildersKt__Builders_commonKt.withContext(Builders.common.kt:163)
	at kotlinx.coroutines.BuildersKt.withContext(Unknown Source)
	at com.intellij.platform.diagnostic.telemetry.impl.TracerKt.span(tracer.kt:56)
	at com.intellij.platform.diagnostic.telemetry.impl.TracerKt.span$default(tracer.kt:48)
	at com.intellij.platform.ide.bootstrap.UiKt.initAwtToolkit(ui.kt:137)
	at com.intellij.platform.ide.bootstrap.UiKt.access$initAwtToolkit(ui.kt:1)
	at com.intellij.platform.ide.bootstrap.UiKt$scheduleInitAwtToolkit$task$1$1.invokeSuspend(ui.kt:120)
	at kotlin.coroutines.jvm.internal.BaseContinuationImpl.resumeWith(ContinuationImpl.kt:33)
	at kotlinx.coroutines.DispatchedTask.run(DispatchedTask.kt:104)
	... 4 more
[0.014s][warning][cds] Archived non-system classes are disabled because the java.system.class.loader property is specified (value = "com.intellij.util.lang.PathClassLoader"). To use archived non-system classes, this property must not be set

**Start Failed**

Internal error

kotlinx.coroutines.JobCancellationException: Parent job is Cancelling; job=UndispatchedCoroutine{Cancelling}@45a7fd90
Caused by: java.lang.UnsatisfiedLinkError: /home/kgoe/.local/share/JetBrains/Toolbox/apps/rustrover/jbr/lib/libawt_xawt.so: libXext.so.6: cannot open shared object file: No such file or directory
	at java.base/jdk.internal.loader.NativeLibraries.load(Native Method)
	at java.base/jdk.internal.loader.NativeLibraries$NativeLibraryImpl.open(NativeLibraries.java:331)
	at java.base/jdk.internal.loader.NativeLibraries.loadLibrary(NativeLibraries.java:197)
	at java.base/jdk.internal.loader.NativeLibraries.loadLibrary(NativeLibraries.java:139)
	at java.base/java.lang.ClassLoader.loadLibrary(ClassLoader.java:2418)
	at java.base/java.lang.Runtime.load0(Runtime.java:852)
	at java.base/java.lang.System.load(System.java:2025)
	at java.base/jdk.internal.loader.NativeLibraries.load(Native Method)
	at java.base/jdk.internal.loader.NativeLibraries$NativeLibraryImpl.open(NativeLibraries.java:331)
	at java.base/jdk.internal.loader.NativeLibraries.loadLibrary(NativeLibraries.java:197)
	at java.base/jdk.internal.loader.NativeLibraries.loadLibrary(NativeLibraries.java:139)
	at java.base/jdk.internal.loader.NativeLibraries.findFromPaths(NativeLibraries.java:259)
	at java.base/jdk.internal.loader.NativeLibraries.loadLibrary(NativeLibraries.java:249)
	at java.base/java.lang.ClassLoader.loadLibrary(ClassLoader.java:2427)
	at java.base/java.lang.Runtime.loadLibrary0(Runtime.java:916)
	at java.base/java.lang.System.loadLibrary(System.java:2063)
	at java.desktop/java.awt.Toolkit$2.run(Toolkit.java:1384)
	at java.desktop/java.awt.Toolkit$2.run(Toolkit.java:1382)
	at java.base/java.security.AccessController.doPrivileged(AccessController.java:319)
	at java.desktop/java.awt.Toolkit.loadLibraries(Toolkit.java:1381)
	at java.desktop/java.awt.Toolkit.initStatic(Toolkit.java:1424)
	at java.desktop/java.awt.Toolkit.<clinit>(Toolkit.java:1393)
	at com.intellij.platform.ide.bootstrap.UiKt$initAwtToolkit$2.invokeSuspend(ui.kt:138)
	at com.intellij.platform.ide.bootstrap.UiKt$initAwtToolkit$2.invoke(ui.kt)
	at com.intellij.platform.ide.bootstrap.UiKt$initAwtToolkit$2.invoke(ui.kt)
	at kotlinx.coroutines.intrinsics.UndispatchedKt.startUndispatchedOrReturn(Undispatched.kt:62)
	at kotlinx.coroutines.BuildersKt__Builders_commonKt.withContext(Builders.common.kt:163)
	at kotlinx.coroutines.BuildersKt.withContext(Unknown Source)
	at com.intellij.platform.diagnostic.telemetry.impl.TracerKt.span(tracer.kt:56)
	at com.intellij.platform.diagnostic.telemetry.impl.TracerKt.span$default(tracer.kt:48)
	at com.intellij.platform.ide.bootstrap.UiKt.initAwtToolkit(ui.kt:137)
	at com.intellij.platform.ide.bootstrap.UiKt.access$initAwtToolkit(ui.kt:1)
	at com.intellij.platform.ide.bootstrap.UiKt$scheduleInitAwtToolkit$task$1$1.invokeSuspend(ui.kt:120)
	at kotlin.coroutines.jvm.internal.BaseContinuationImpl.resumeWith(ContinuationImpl.kt:33)
	at kotlinx.coroutines.DispatchedTask.run(DispatchedTask.kt:104)
	at kotlinx.coroutines.scheduling.CoroutineScheduler.runSafely(CoroutineScheduler.kt:608)
	at kotlinx.coroutines.scheduling.CoroutineScheduler$Worker.executeTask(CoroutineScheduler.kt:873)
	at kotlinx.coroutines.scheduling.CoroutineScheduler$Worker.runWorker(CoroutineScheduler.kt:763)
	at kotlinx.coroutines.scheduling.CoroutineScheduler$Worker.run(CoroutineScheduler.kt:750)

-----
JRE: 21.0.5+8-b631.28 amd64 (JetBrains s.r.o.)
/home/kgoe/.local/share/JetBrains/Toolbox/apps/rustrover/jbr

-----
Also, a UI exception occurred in an attempt to show the above message:
java.lang.NoClassDefFoundError: Could not initialize class java.awt.Toolkit
	at java.desktop/java.awt.Component.<clinit>(Component.java:639)
	at com.intellij.platform.ide.bootstrap.StartupErrorReporter.showError(StartupErrorReporter.java:128)
	at com.intellij.platform.ide.bootstrap.StartupErrorReporter.showError(StartupErrorReporter.java:89)
	at com.intellij.platform.ide.bootstrap.StartupUtil.lockSystemDirs(startup.kt:510)
	at com.intellij.platform.ide.bootstrap.StartupUtil.access$lockSystemDirs(startup.kt:1)
	at com.intellij.platform.ide.bootstrap.StartupUtil$lockSystemDirs$1.invokeSuspend(startup.kt)
	at kotlin.coroutines.jvm.internal.BaseContinuationImpl.resumeWith(ContinuationImpl.kt:33)
	at kotlinx.coroutines.DispatchedTask.run(DispatchedTask.kt:102)
	at kotlinx.coroutines.scheduling.CoroutineScheduler.runSafely(CoroutineScheduler.kt:608)
	at kotlinx.coroutines.scheduling.CoroutineScheduler$Worker.executeTask(CoroutineScheduler.kt:873)
	at kotlinx.coroutines.scheduling.CoroutineScheduler$Worker.runWorker(CoroutineScheduler.kt:763)
	at kotlinx.coroutines.scheduling.CoroutineScheduler$Worker.run(CoroutineScheduler.kt:750)
Caused by: java.lang.ExceptionInInitializerError: Exception java.lang.UnsatisfiedLinkError: /home/kgoe/.local/share/JetBrains/Toolbox/apps/rustrover/jbr/lib/libawt_xawt.so: libXext.so.6: cannot open shared object file: No such file or directory [in thread "DefaultDispatcher-worker-10"]
	at java.base/jdk.internal.loader.NativeLibraries.load(Native Method)
	at java.base/jdk.internal.loader.NativeLibraries$NativeLibraryImpl.open(NativeLibraries.java:331)
	at java.base/jdk.internal.loader.NativeLibraries.loadLibrary(NativeLibraries.java:197)
	at java.base/jdk.internal.loader.NativeLibraries.loadLibrary(NativeLibraries.java:139)
	at java.base/java.lang.ClassLoader.loadLibrary(ClassLoader.java:2418)
	at java.base/java.lang.Runtime.load0(Runtime.java:852)
	at java.base/java.lang.System.load(System.java:2025)
	at java.base/jdk.internal.loader.NativeLibraries.load(Native Method)
	at java.base/jdk.internal.loader.NativeLibraries$NativeLibraryImpl.open(NativeLibraries.java:331)
	at java.base/jdk.internal.loader.NativeLibraries.loadLibrary(NativeLibraries.java:197)
	at java.base/jdk.internal.loader.NativeLibraries.loadLibrary(NativeLibraries.java:139)
	at java.base/jdk.internal.loader.NativeLibraries.findFromPaths(NativeLibraries.java:259)
	at java.base/jdk.internal.loader.NativeLibraries.loadLibrary(NativeLibraries.java:249)
	at java.base/java.lang.ClassLoader.loadLibrary(ClassLoader.java:2427)
	at java.base/java.lang.Runtime.loadLibrary0(Runtime.java:916)
	at java.base/java.lang.System.loadLibrary(System.java:2063)
	at java.desktop/java.awt.Toolkit$2.run(Toolkit.java:1384)
	at java.desktop/java.awt.Toolkit$2.run(Toolkit.java:1382)
	at java.base/java.security.AccessController.doPrivileged(AccessController.java:319)
	at java.desktop/java.awt.Toolkit.loadLibraries(Toolkit.java:1381)
	at java.desktop/java.awt.Toolkit.initStatic(Toolkit.java:1424)
	at java.desktop/java.awt.Toolkit.<clinit>(Toolkit.java:1393)
	at com.intellij.platform.ide.bootstrap.UiKt$initAwtToolkit$2.invokeSuspend(ui.kt:138)
	at com.intellij.platform.ide.bootstrap.UiKt$initAwtToolkit$2.invoke(ui.kt)
	at com.intellij.platform.ide.bootstrap.UiKt$initAwtToolkit$2.invoke(ui.kt)
	at kotlinx.coroutines.intrinsics.UndispatchedKt.startUndispatchedOrReturn(Undispatched.kt:62)
	at kotlinx.coroutines.BuildersKt__Builders_commonKt.withContext(Builders.common.kt:163)
	at kotlinx.coroutines.BuildersKt.withContext(Unknown Source)
	at com.intellij.platform.diagnostic.telemetry.impl.TracerKt.span(tracer.kt:56)
	at com.intellij.platform.diagnostic.telemetry.impl.TracerKt.span$default(tracer.kt:48)
	at com.intellij.platform.ide.bootstrap.UiKt.initAwtToolkit(ui.kt:137)
	at com.intellij.platform.ide.bootstrap.UiKt.access$initAwtToolkit(ui.kt:1)
	at com.intellij.platform.ide.bootstrap.UiKt$scheduleInitAwtToolkit$task$1$1.invokeSuspend(ui.kt:120)
	at kotlin.coroutines.jvm.internal.BaseContinuationImpl.resumeWith(ContinuationImpl.kt:33)
	at kotlinx.coroutines.DispatchedTask.run(DispatchedTask.kt:104)
	... 4 more
